[2018-08-01 12:49:57] console.DEBUG: Command "pimcore:install" exited with code "2" {"command":"pimcore:install","code":2} []
[2018-08-01 12:55:32] request.INFO: Matched route "GET_install_". {"route":"GET_install_","route_parameters":{"_controller":"Symfony\\Bundle\\FrameworkBundle\\Controller\\RedirectController::urlRedirectAction","_route":"GET_install_","path":"/install/","permanent":true,"scheme":null,"httpPort":80,"httpsPort":443},"request_uri":"http://192.168.2.186/install","method":"GET"} []
[2018-08-01 12:55:32] request.INFO: Matched route "GET_install_". {"route":"GET_install_","route_parameters":{"_controller":"Pimcore\\Bundle\\InstallBundle\\Controller\\InstallController:indexAction","_route":"GET_install_"},"request_uri":"http://192.168.2.186/install/","method":"GET"} []
[2018-08-01 12:56:04] request.INFO: Matched route "POST_install_check". {"route":"POST_install_check","route_parameters":{"_controller":"Pimcore\\Bundle\\InstallBundle\\Controller\\InstallController:checkAction","_route":"POST_install_check"},"request_uri":"http://192.168.2.186/install/check","method":"POST"} []
[2018-08-01 12:56:04] pimcore.EMERGENCY: Cannot find system configuration, should be located at: /var/www/html/pimcore/var/config/system.php [] []
[2018-08-01 12:56:04] pimcore.EMERGENCY: Cannot find system configuration, should be located at: /var/www/html/pimcore/var/config/system.php [] []
[2018-08-01 12:56:04] pimcore.EMERGENCY: Cannot find system configuration, should be located at: /var/www/html/pimcore/var/config/system.php [] []
[2018-08-01 12:56:04] pimcore.EMERGENCY: Cannot find system configuration, should be located at: /var/www/html/pimcore/var/config/system.php [] []
[2018-08-01 12:56:04] pimcore.EMERGENCY: Cannot find system configuration, should be located at: /var/www/html/pimcore/var/config/system.php [] []
[2018-08-01 12:56:04] pimcore.EMERGENCY: Cannot find system configuration, should be located at: /var/www/html/pimcore/var/config/system.php [] []
[2018-08-01 12:56:04] pimcore.EMERGENCY: Cannot find system configuration, should be located at: /var/www/html/pimcore/var/config/system.php [] []
[2018-08-01 12:56:04] pimcore.EMERGENCY: Cannot find system configuration, should be located at: /var/www/html/pimcore/var/config/system.php [] []
[2018-08-01 12:56:04] pimcore.EMERGENCY: Cannot find system configuration, should be located at: /var/www/html/pimcore/var/config/system.php [] []
[2018-08-01 12:56:04] pimcore.EMERGENCY: Cannot find system configuration, should be located at: /var/www/html/pimcore/var/config/system.php [] []
[2018-08-01 12:56:04] pimcore.EMERGENCY: Cannot find system configuration, should be located at: /var/www/html/pimcore/var/config/system.php [] []
[2018-08-01 12:56:04] pimcore.EMERGENCY: Cannot find system configuration, should be located at: /var/www/html/pimcore/var/config/system.php [] []
[2018-08-01 12:56:04] pimcore.EMERGENCY: Cannot find system configuration, should be located at: /var/www/html/pimcore/var/config/system.php [] []
[2018-08-01 12:56:04] pimcore.EMERGENCY: Cannot find system configuration, should be located at: /var/www/html/pimcore/var/config/system.php [] []
[2018-08-01 12:56:04] pimcore.EMERGENCY: Cannot find system configuration, should be located at: /var/www/html/pimcore/var/config/system.php [] []
[2018-08-01 12:56:04] pimcore.EMERGENCY: Cannot find system configuration, should be located at: /var/www/html/pimcore/var/config/system.php [] []
[2018-08-01 12:56:04] pimcore.EMERGENCY: Cannot find system configuration, should be located at: /var/www/html/pimcore/var/config/system.php [] []
[2018-08-01 12:56:04] pimcore.EMERGENCY: Cannot find system configuration, should be located at: /var/www/html/pimcore/var/config/system.php [] []
[2018-08-01 12:56:04] pimcore.EMERGENCY: Cannot find system configuration, should be located at: /var/www/html/pimcore/var/config/system.php [] []
[2018-08-01 13:02:08] request.INFO: Matched route "POST_install_check". {"route":"POST_install_check","route_parameters":{"_controller":"Pimcore\\Bundle\\InstallBundle\\Controller\\InstallController:checkAction","_route":"POST_install_check"},"request_uri":"http://192.168.2.186/install/check","method":"POST"} []
[2018-08-01 13:02:08] pimcore.EMERGENCY: Cannot find system configuration, should be located at: /var/www/html/pimcore/var/config/system.php [] []
[2018-08-01 13:02:08] pimcore.EMERGENCY: Cannot find system configuration, should be located at: /var/www/html/pimcore/var/config/system.php [] []
[2018-08-01 13:02:08] pimcore.EMERGENCY: Cannot find system configuration, should be located at: /var/www/html/pimcore/var/config/system.php [] []
[2018-08-01 13:02:08] pimcore.EMERGENCY: Cannot find system configuration, should be located at: /var/www/html/pimcore/var/config/system.php [] []
[2018-08-01 13:02:08] pimcore.EMERGENCY: Cannot find system configuration, should be located at: /var/www/html/pimcore/var/config/system.php [] []
[2018-08-01 13:02:08] pimcore.EMERGENCY: Cannot find system configuration, should be located at: /var/www/html/pimcore/var/config/system.php [] []
[2018-08-01 13:02:08] pimcore.EMERGENCY: Cannot find system configuration, should be located at: /var/www/html/pimcore/var/config/system.php [] []
[2018-08-01 13:02:08] pimcore.EMERGENCY: Cannot find system configuration, should be located at: /var/www/html/pimcore/var/config/system.php [] []
[2018-08-01 13:02:08] pimcore.EMERGENCY: Cannot find system configuration, should be located at: /var/www/html/pimcore/var/config/system.php [] []
[2018-08-01 13:02:08] pimcore.EMERGENCY: Cannot find system configuration, should be located at: /var/www/html/pimcore/var/config/system.php [] []
[2018-08-01 13:02:08] pimcore.EMERGENCY: Cannot find system configuration, should be located at: /var/www/html/pimcore/var/config/system.php [] []
[2018-08-01 13:02:08] pimcore.EMERGENCY: Cannot find system configuration, should be located at: /var/www/html/pimcore/var/config/system.php [] []
[2018-08-01 13:02:08] pimcore.EMERGENCY: Cannot find system configuration, should be located at: /var/www/html/pimcore/var/config/system.php [] []
[2018-08-01 13:02:08] pimcore.EMERGENCY: Cannot find system configuration, should be located at: /var/www/html/pimcore/var/config/system.php [] []
[2018-08-01 13:02:08] pimcore.EMERGENCY: Cannot find system configuration, should be located at: /var/www/html/pimcore/var/config/system.php [] []
[2018-08-01 13:02:08] pimcore.EMERGENCY: Cannot find system configuration, should be located at: /var/www/html/pimcore/var/config/system.php [] []
[2018-08-01 13:02:08] pimcore.EMERGENCY: Cannot find system configuration, should be located at: /var/www/html/pimcore/var/config/system.php [] []
[2018-08-01 13:02:08] pimcore.EMERGENCY: Cannot find system configuration, should be located at: /var/www/html/pimcore/var/config/system.php [] []
[2018-08-01 13:02:08] pimcore.EMERGENCY: Cannot find system configuration, should be located at: /var/www/html/pimcore/var/config/system.php [] []
[2018-08-01 13:02:47] request.INFO: Matched route "POST_install_". {"route":"POST_install_","route_parameters":{"_controller":"Pimcore\\Bundle\\InstallBundle\\Controller\\InstallController:installAction","_route":"POST_install_"},"request_uri":"http://192.168.2.186/install/","method":"POST"} []
[2018-08-01 13:02:48] app.INFO: Running installation with profile CMS Demo {"profile":"CMS Demo"} []
[2018-08-01 13:02:48] app.INFO: Copying /var/www/html/pimcore/install-profiles/demo-basic/app/Resources/views to /var/www/html/pimcore/app/Resources/views {"source":"/var/www/html/pimcore/install-profiles/demo-basic/app/Resources/views","target":"/var/www/html/pimcore/app/Resources/views"} []
[2018-08-01 13:02:48] app.INFO: Copying /var/www/html/pimcore/install-profiles/demo-basic/src/AppBundle to /var/www/html/pimcore/src/AppBundle {"source":"/var/www/html/pimcore/install-profiles/demo-basic/src/AppBundle","target":"/var/www/html/pimcore/src/AppBundle"} []
[2018-08-01 13:02:48] app.WARNING: Removing existing file /var/www/html/pimcore/var/classes {"file":"/var/www/html/pimcore/var/classes"} []
[2018-08-01 13:02:48] app.INFO: Copying /var/www/html/pimcore/install-profiles/demo-basic/var/classes to /var/www/html/pimcore/var/classes {"source":"/var/www/html/pimcore/install-profiles/demo-basic/var/classes","target":"/var/www/html/pimcore/var/classes"} []
[2018-08-01 13:02:48] app.INFO: Copying /var/www/html/pimcore/install-profiles/demo-basic/var/config/document-types.php to /var/www/html/pimcore/var/config/document-types.php {"source":"/var/www/html/pimcore/install-profiles/demo-basic/var/config/document-types.php","target":"/var/www/html/pimcore/var/config/document-types.php"} []
[2018-08-01 13:02:48] app.INFO: Copying /var/www/html/pimcore/install-profiles/demo-basic/var/config/extensions.php to /var/www/html/pimcore/var/config/extensions.php {"source":"/var/www/html/pimcore/install-profiles/demo-basic/var/config/extensions.php","target":"/var/www/html/pimcore/var/config/extensions.php"} []
[2018-08-01 13:02:48] app.INFO: Copying /var/www/html/pimcore/install-profiles/demo-basic/var/config/image-thumbnails.php to /var/www/html/pimcore/var/config/image-thumbnails.php {"source":"/var/www/html/pimcore/install-profiles/demo-basic/var/config/image-thumbnails.php","target":"/var/www/html/pimcore/var/config/image-thumbnails.php"} []
[2018-08-01 13:02:48] app.INFO: Copying /var/www/html/pimcore/install-profiles/demo-basic/var/config/predefined-properties.php to /var/www/html/pimcore/var/config/predefined-properties.php {"source":"/var/www/html/pimcore/install-profiles/demo-basic/var/config/predefined-properties.php","target":"/var/www/html/pimcore/var/config/predefined-properties.php"} []
[2018-08-01 13:02:48] app.INFO: Copying /var/www/html/pimcore/install-profiles/demo-basic/var/config/qrcode.php to /var/www/html/pimcore/var/config/qrcode.php {"source":"/var/www/html/pimcore/install-profiles/demo-basic/var/config/qrcode.php","target":"/var/www/html/pimcore/var/config/qrcode.php"} []
[2018-08-01 13:02:48] app.INFO: Copying /var/www/html/pimcore/install-profiles/demo-basic/var/config/reports.php to /var/www/html/pimcore/var/config/reports.php {"source":"/var/www/html/pimcore/install-profiles/demo-basic/var/config/reports.php","target":"/var/www/html/pimcore/var/config/reports.php"} []
[2018-08-01 13:02:48] app.INFO: Copying /var/www/html/pimcore/install-profiles/demo-basic/var/config/staticroutes.php to /var/www/html/pimcore/var/config/staticroutes.php {"source":"/var/www/html/pimcore/install-profiles/demo-basic/var/config/staticroutes.php","target":"/var/www/html/pimcore/var/config/staticroutes.php"} []
[2018-08-01 13:02:48] app.INFO: Copying /var/www/html/pimcore/install-profiles/demo-basic/var/config/system.template.php to /var/www/html/pimcore/var/config/system.template.php {"source":"/var/www/html/pimcore/install-profiles/demo-basic/var/config/system.template.php","target":"/var/www/html/pimcore/var/config/system.template.php"} []
[2018-08-01 13:02:48] app.INFO: Copying /var/www/html/pimcore/install-profiles/demo-basic/var/config/tag-manager.php to /var/www/html/pimcore/var/config/tag-manager.php {"source":"/var/www/html/pimcore/install-profiles/demo-basic/var/config/tag-manager.php","target":"/var/www/html/pimcore/var/config/tag-manager.php"} []
[2018-08-01 13:02:48] app.INFO: Copying /var/www/html/pimcore/install-profiles/demo-basic/var/config/video-thumbnails.php to /var/www/html/pimcore/var/config/video-thumbnails.php {"source":"/var/www/html/pimcore/install-profiles/demo-basic/var/config/video-thumbnails.php","target":"/var/www/html/pimcore/var/config/video-thumbnails.php"} []
[2018-08-01 13:02:48] app.INFO: Copying /var/www/html/pimcore/install-profiles/demo-basic/web/static to /var/www/html/pimcore/web/static {"source":"/var/www/html/pimcore/install-profiles/demo-basic/web/static","target":"/var/www/html/pimcore/web/static"} []
[2018-08-01 13:02:48] app.WARNING: Removing existing file /var/www/html/pimcore/web/var/assets {"file":"/var/www/html/pimcore/web/var/assets"} []
[2018-08-01 13:02:48] app.INFO: Copying /var/www/html/pimcore/install-profiles/demo-basic/web/var/assets to /var/www/html/pimcore/web/var/assets {"source":"/var/www/html/pimcore/install-profiles/demo-basic/web/var/assets","target":"/var/www/html/pimcore/web/var/assets"} []
[2018-08-01 13:02:49] app.INFO: Copying /var/www/html/pimcore/install-profiles/demo-basic/tests to /var/www/html/pimcore/tests {"source":"/var/www/html/pimcore/install-profiles/demo-basic/tests","target":"/var/www/html/pimcore/tests"} []
[2018-08-01 13:02:49] app.INFO: Copying /var/www/html/pimcore/install-profiles/demo-basic/phpunit.xml.dist to /var/www/html/pimcore/phpunit.xml.dist {"source":"/var/www/html/pimcore/install-profiles/demo-basic/phpunit.xml.dist","target":"/var/www/html/pimcore/phpunit.xml.dist"} []
[2018-08-01 13:02:50] php.DEBUG: Warning: unlink(/var/www/html/pimcore/var/cache/dev/ContainerCbwzvid.legacy): No such file or directory {"exception":"[object] (Symfony\\Component\\Debug\\Exception\\SilencedErrorContext: {\"severity\":2,\"file\":\"/var/www/html/pimcore/vendor/symfony/symfony/src/Symfony/Component/HttpKernel/Kernel.php\",\"line\":869,\"trace\":[{\"file\":\"/var/www/html/pimcore/vendor/symfony/symfony/src/Symfony/Component/HttpKernel/Kernel.php\",\"line\":663,\"function\":\"dumpContainer\",\"class\":\"Symfony\\\\Component\\\\HttpKernel\\\\Kernel\",\"type\":\"->\"}],\"count\":1})"} []
[2018-08-01 13:02:57] app.INFO: Importing DB file /var/www/html/pimcore/install-profiles/demo-basic/dump/data.sql {"dbFile":"/var/www/html/pimcore/install-profiles/demo-basic/dump/data.sql"} []
[2018-08-01 13:03:21] app.INFO: Running assets:install command {"command":"assets:install"} []
